[%sp] 2021-10-04 09:17:27,222 My Application Logger setArraySize 
[%sp] 2021-10-04 09:39:21,640 My Application Logger setArraySize 
[%sp] 2021-10-04 09:48:01,387 My Application Logger setArraySize 
[%sp] 2021-10-04 09:49:14,152 My Application Logger setArraySize 
[%sp] 2021-10-04 10:09:40,205 My Application Logger setArraySize 
[%sp] 2021-10-04 10:11:27,113 My Application Logger setArraySize 
[%sp] 2021-10-04 10:18:52,976 My Application Logger setArraySize 
[%sp] 2021-10-04 10:19:38,519 My Application Logger setArraySize 
[%sp] 2021-10-04 10:24:53,296 My Application Logger setArraySize 
[%sp] 2021-10-04 10:33:05,548 My Application Logger setArraySize 
[%sp] 2021-10-04 10:33:55,195 My Application Logger setArraySize 
[%sp] 2021-10-04 10:43:26,319 My Application Logger setArraySize 
[%sp] 2021-10-04 11:57:09,997 My Application Logger setArraySize 
[%sp] 2021-10-04 11:58:08,805 My Application Logger setArraySize 
[%sp] 2021-10-04 11:58:15,867 My Application Logger setArraySize 
[%sp] 2021-10-04 12:10:18,671 My Application Logger setArraySize 
[%sp] 2021-10-04 12:29:28,153 My Application Logger setArraySize 
[%sp] 2021-10-04 12:31:41,652 My Application Logger setArraySize 
[%sp] 2021-10-04 12:41:57,576 My Application Logger setArraySize 
[%sp] 2021-10-04 12:43:06,786 My Application Logger setArraySize 
[%sp] 2021-10-04 12:54:59,943 My Application Logger setArraySize 
[%sp] 2021-10-04 12:56:01,070 My Application Logger setArraySize 
[%sp] 2021-10-04 12:56:05,829 My Application Logger setArraySize 
[%sp] 2021-10-04 12:58:46,269 My Application Logger setArraySize 
[%sp] 2021-10-04 14:22:39,067 My Application Logger setArraySize 
[%sp] 2021-10-04 14:24:13,732 My Application Logger sortSelect 
[%sp] 2021-10-04 14:24:17,276 My Application Logger setArraySize 
[%sp] 2021-10-04 14:37:35,657 My Application Logger sortSelect 
[%sp] 2021-10-04 14:37:44,098 My Application Logger setArraySize 
[%sp] 2021-10-04 15:12:49,332 My Application Logger sortSelect 
[%sp] 2021-10-04 16:16:09,802 My Application Logger setArraySize 
[%sp] 2021-10-04 16:27:45,859 My Application Logger setArraySize 
[%sp] 2021-10-04 19:28:57,921 My Application Logger sortSelect Builder returned null, value inserted was: bj
[%sp] 2021-10-04 19:29:01,639 My Application Logger sortSelect Builder returned null, value inserted was: jbjk
[%sp] 2021-10-04 19:32:53,073 My Application Logger sortSelect Builder returned null, value inserted was: mn
[%sp] 2021-10-04 19:33:01,312 My Application Logger sortSelect Builder returned null, value inserted was: BubbleSort
[%sp] 2021-10-04 19:33:02,900 My Application Logger printArr Results of sort:[-1784130750, -138900408, 22863263, 1457651447, 1992627872] Sort time is6500. Sort Used isBubbleSort 
